<?xml version="1.0" encoding="UTF-8"?>
<!-- Generated by org.testng.reporters.JUnitReportReporter -->
<testsuite skipped="0" hostname="BUSYQA4" name="RegressionTest.Crossbrowser" tests="4" failures="0" timestamp="04 Jul 2020 16:36:11 GMT" time="13.041" errors="0">
  <testcase name="login" time="6.190" classname="RegressionTest.Crossbrowser"/>
  <testcase name="login" time="5.850" classname="RegressionTest.Crossbrowser"/>
  <testcase name="bookTicket" time="0.406" classname="RegressionTest.Crossbrowser"/>
  <testcase name="bookTicket" time="0.595" classname="RegressionTest.Crossbrowser"/>
</testsuite> <!-- RegressionTest.Crossbrowser -->
