<?xml version="1.0" encoding="UTF-8"?>
<!-- Generated by org.testng.reporters.JUnitReportReporter -->
<testsuite hostname="DESKTOP-6J67IDM" failures="0" tests="1" name="MyFinalExamMaven.TuliFinalExam.NewTest1" time="88.781" errors="0" timestamp="2020-08-25T14:59:46 EDT" skipped="0">
  <testcase classname="MyFinalExamMaven.TuliFinalExam.NewTest1" name="loginwithvalidcredential" time="88.781"/>
  <system-out/>
</testsuite> <!-- MyFinalExamMaven.TuliFinalExam.NewTest1 -->
