<?xml version="1.0" encoding="UTF-8"?>
<!-- Generated by org.testng.reporters.JUnitReportReporter -->
<testsuite hostname="DESKTOP-6J67IDM" failures="0" tests="1" name="MyFinalExamMaven.TuliFinalExam.slashdot" time="2.605" errors="0" timestamp="2020-08-25T20:41:14 EDT" skipped="0">
  <testcase classname="MyFinalExamMaven.TuliFinalExam.slashdot" name="create" time="2.605"/>
  <system-out/>
</testsuite> <!-- MyFinalExamMaven.TuliFinalExam.slashdot -->
