<?xml version="1.0" encoding="UTF-8"?>
<!-- Generated by org.testng.reporters.JUnitReportReporter -->
<testsuite skipped="0" hostname="BUSYQA4" name="RegressionTest.Crossbrowser" tests="4" failures="0" timestamp="04 Jul 2020 03:33:16 GMT" time="15.445" errors="0">
  <testcase name="login" time="7.863" classname="RegressionTest.Crossbrowser"/>
  <testcase name="login" time="6.199" classname="RegressionTest.Crossbrowser"/>
  <testcase name="bookTicket" time="0.473" classname="RegressionTest.Crossbrowser"/>
  <testcase name="bookTicket" time="0.910" classname="RegressionTest.Crossbrowser"/>
</testsuite> <!-- RegressionTest.Crossbrowser -->
