<?xml version="1.0" encoding="UTF-8"?>
<!-- Generated by org.testng.reporters.JUnitReportReporter -->
<testsuite skipped="0" hostname="BUSYQA4" name="com.org.learningMaven.myMavenProject3.NewTest2" tests="2" failures="0" timestamp="04 Jul 2020 16:00:30 GMT" time="9.661" errors="0">
  <testcase name="login" time="9.155" classname="com.org.learningMaven.myMavenProject3.NewTest2"/>
  <testcase name="bookTicket" time="0.506" classname="com.org.learningMaven.myMavenProject3.NewTest2"/>
</testsuite> <!-- com.org.learningMaven.myMavenProject3.NewTest2 -->
