<?xml version="1.0" encoding="UTF-8"?>
<!-- Generated by org.testng.reporters.JUnitReportReporter -->
<testsuite skipped="0" hostname="BUSYQA4" name="UserAcceptanceTest.NewTest4" tests="2" failures="0" timestamp="04 Jul 2020 16:00:30 GMT" time="12.044" errors="0">
  <testcase name="login" time="7.686" classname="UserAcceptanceTest.NewTest4"/>
  <testcase name="bookTicket" time="4.358" classname="UserAcceptanceTest.NewTest4"/>
</testsuite> <!-- UserAcceptanceTest.NewTest4 -->
