<?xml version="1.0" encoding="UTF-8"?>
<!-- Generated by org.testng.reporters.JUnitReportReporter -->
<testsuite skipped="0" hostname="BUSYQA4" name="RegressionTest.NewTest3" tests="2" failures="0" timestamp="04 Jul 2020 16:00:30 GMT" time="16.079" errors="0">
  <testcase name="login" time="10.684" classname="RegressionTest.NewTest3"/>
  <testcase name="bookTicket" time="5.395" classname="RegressionTest.NewTest3"/>
</testsuite> <!-- RegressionTest.NewTest3 -->
