<?xml version="1.0" encoding="UTF-8"?>
<!-- Generated by org.testng.reporters.JUnitReportReporter -->
<testsuite skipped="0" hostname="BUSYQA4" name="com.org.learningMaven.myMavenProject3.NewTest" tests="1" failures="0" timestamp="04 Jul 2020 16:00:30 GMT" time="12.041" errors="0">
  <testcase name="verifyHomepageTitle" time="12.041" classname="com.org.learningMaven.myMavenProject3.NewTest"/>
</testsuite> <!-- com.org.learningMaven.myMavenProject3.NewTest -->
