<?xml version="1.0" encoding="UTF-8"?>
<!-- Generated by org.testng.reporters.JUnitReportReporter -->
<testsuite hostname="DESKTOP-6J67IDM" failures="0" tests="2" name="com.org.learningMaven.myMavenProject1.TP_013" time="18.994" errors="0" timestamp="2020-08-28T17:47:35 EDT" skipped="0">
  <testcase classname="com.org.learningMaven.myMavenProject1.TP_013" name="login" time="2.839"/>
  <system-out/>
  <testcase classname="com.org.learningMaven.myMavenProject1.TP_013" name="bidforneed" time="16.155"/>
  <system-out/>
</testsuite> <!-- com.org.learningMaven.myMavenProject1.TP_013 -->
