<?xml version="1.0" encoding="UTF-8"?>
<!-- Generated by org.testng.reporters.JUnitReportReporter -->
<testsuite hostname="DESKTOP-6J67IDM" failures="0" tests="2" name="com.org.learningMaven.myMavenProject1.sample" time="7.000" errors="0" timestamp="2020-08-26T15:19:56 EDT" skipped="0">
  <testcase classname="com.org.learningMaven.myMavenProject1.sample" name="create" time="2.506"/>
  <system-out/>
  <testcase classname="com.org.learningMaven.myMavenProject1.sample" name="create" time="4.494"/>
  <system-out/>
</testsuite> <!-- com.org.learningMaven.myMavenProject1.sample -->
