<?xml version="1.0" encoding="UTF-8"?>
<!-- Generated by org.testng.reporters.JUnitReportReporter -->
<testsuite hostname="DESKTOP-6J67IDM" failures="0" tests="2" name="com.org.learningMaven.myMavenProject1.TP_010" time="17.202" errors="0" timestamp="2020-08-28T17:47:35 EDT" skipped="0">
  <testcase classname="com.org.learningMaven.myMavenProject1.TP_010" name="login" time="3.155"/>
  <system-out/>
  <testcase classname="com.org.learningMaven.myMavenProject1.TP_010" name="bidservicewithletsnegotiatebutton" time="14.047"/>
  <system-out/>
</testsuite> <!-- com.org.learningMaven.myMavenProject1.TP_010 -->
