<?xml version="1.0" encoding="UTF-8"?>
<!-- Generated by org.testng.reporters.JUnitReportReporter -->
<testsuite hostname="DESKTOP-6J67IDM" failures="0" tests="2" name="com.org.learningMaven.myMavenProject1.TP_025" time="3.005" errors="0" timestamp="2020-08-28T17:47:35 EDT" skipped="0">
  <testcase classname="com.org.learningMaven.myMavenProject1.TP_025" name="login" time="2.167"/>
  <system-out/>
  <testcase classname="com.org.learningMaven.myMavenProject1.TP_025" name="signout" time="0.838"/>
  <system-out/>
</testsuite> <!-- com.org.learningMaven.myMavenProject1.TP_025 -->
