<?xml version="1.0" encoding="UTF-8"?>
<!-- Generated by org.testng.reporters.JUnitReportReporter -->
<testsuite hostname="DESKTOP-6J67IDM" failures="0" tests="1" name="com.org.learningMaven.myMavenProject1.TP_001" time="30.174" errors="0" timestamp="2020-08-28T17:47:35 EDT" skipped="0">
  <testcase classname="com.org.learningMaven.myMavenProject1.TP_001" name="invalidcredentials" time="30.174"/>
  <system-out/>
</testsuite> <!-- com.org.learningMaven.myMavenProject1.TP_001 -->
