<?xml version="1.0" encoding="UTF-8"?>
<!-- Generated by org.testng.reporters.JUnitReportReporter -->
<testsuite hostname="DESKTOP-6J67IDM" failures="0" tests="1" name="com.org.learningMaven.myMavenProject1.TP_015" time="2.853" errors="0" timestamp="2020-08-28T17:47:35 EDT" skipped="0">
  <testcase classname="com.org.learningMaven.myMavenProject1.TP_015" name="forgotpassword" time="2.853"/>
  <system-out/>
</testsuite> <!-- com.org.learningMaven.myMavenProject1.TP_015 -->
