<?xml version="1.0" encoding="UTF-8"?>
<!-- Generated by org.testng.reporters.JUnitReportReporter -->
<testsuite hostname="DESKTOP-6J67IDM" failures="0" tests="7" name="com.org.learningMaven.myMavenProject1.TP_021" time="7.250" errors="0" timestamp="2020-08-28T17:47:35 EDT" skipped="0">
  <testcase classname="com.org.learningMaven.myMavenProject1.TP_021" name="Aboutlink" time="1.281"/>
  <system-out/>
  <testcase classname="com.org.learningMaven.myMavenProject1.TP_021" name="EEdslink" time="2.098"/>
  <system-out/>
  <testcase classname="com.org.learningMaven.myMavenProject1.TP_021" name="Trustandsafety" time="1.018"/>
  <system-out/>
  <testcase classname="com.org.learningMaven.myMavenProject1.TP_021" name="FAQ" time="0.849"/>
  <system-out/>
  <testcase classname="com.org.learningMaven.myMavenProject1.TP_021" name="HELP" time="0.678"/>
  <system-out/>
  <testcase classname="com.org.learningMaven.myMavenProject1.TP_021" name="TERMS" time="0.592"/>
  <system-out/>
  <testcase classname="com.org.learningMaven.myMavenProject1.TP_021" name="privacy" time="0.734"/>
  <system-out/>
</testsuite> <!-- com.org.learningMaven.myMavenProject1.TP_021 -->
