<?xml version="1.0" encoding="UTF-8"?>
<!-- Generated by org.testng.reporters.JUnitReportReporter -->
<testsuite hostname="DESKTOP-6J67IDM" failures="0" tests="2" name="com.org.learningMaven.myMavenProject1.TP_011" time="16.744" errors="0" timestamp="2020-08-28T17:47:35 EDT" skipped="0">
  <testcase classname="com.org.learningMaven.myMavenProject1.TP_011" name="login" time="3.060"/>
  <system-out/>
  <testcase classname="com.org.learningMaven.myMavenProject1.TP_011" name="Iwantthisbutton" time="13.684"/>
  <system-out/>
</testsuite> <!-- com.org.learningMaven.myMavenProject1.TP_011 -->
