<?xml version="1.0" encoding="UTF-8"?>
<!-- Generated by org.testng.reporters.JUnitReportReporter -->
<testsuite skipped="0" hostname="BUSYQA4" name="com.org.learningMaven.myMavenProject.ParamTest" tests="4" failures="0" timestamp="04 Apr 2020 14:58:08 GMT" time="61.101" errors="0">
  <testcase name="chooseBrowser" time="17.486" classname="com.org.learningMaven.myMavenProject.ParamTest"/>
  <testcase name="chooseBrowser" time="16.720" classname="com.org.learningMaven.myMavenProject.ParamTest"/>
  <testcase name="chooseBrowser" time="7.260" classname="com.org.learningMaven.myMavenProject.ParamTest"/>
  <testcase name="chooseBrowser" time="19.635" classname="com.org.learningMaven.myMavenProject.ParamTest"/>
</testsuite> <!-- com.org.learningMaven.myMavenProject.ParamTest -->
