<?xml version="1.0" encoding="UTF-8"?>
<!-- Generated by org.testng.reporters.JUnitReportReporter -->
<testsuite hostname="DESKTOP-6J67IDM" failures="0" tests="1" name="com.org.learningMaven.myMavenProject.NewTest" time="4.847" errors="0" timestamp="2020-07-06T15:53:34 EDT" skipped="0">
  <testcase classname="com.org.learningMaven.myMavenProject.NewTest" name="verifyHomepageTitle" time="4.847"/>
  <system-out/>
</testsuite> <!-- com.org.learningMaven.myMavenProject.NewTest -->
