<?xml version="1.0" encoding="UTF-8"?>
<!-- Generated by org.testng.reporters.JUnitReportReporter -->
<testsuite hostname="DESKTOP-6J67IDM" failures="0" tests="1" name="RegressionTest.NewTest3" time="4.784" errors="0" timestamp="2020-07-06T15:53:34 EDT" skipped="0">
  <testcase classname="RegressionTest.NewTest3" name="verifyHomepageTitle" time="4.784"/>
  <system-out/>
</testsuite> <!-- RegressionTest.NewTest3 -->
