<?xml version="1.0" encoding="UTF-8"?>
<!-- Generated by org.testng.reporters.JUnitReportReporter -->
<testsuite hostname="DESKTOP-6J67IDM" failures="0" tests="4" name="RegressionTest.crossbrowser" time="20.062" errors="0" timestamp="2020-07-06T16:18:38 EDT" skipped="0">
  <testcase classname="RegressionTest.crossbrowser" name="login" time="13.379"/>
  <system-out/>
  <testcase classname="RegressionTest.crossbrowser" name="login" time="5.885"/>
  <system-out/>
  <testcase classname="RegressionTest.crossbrowser" name="bookTicket" time="0.378"/>
  <system-out/>
  <testcase classname="RegressionTest.crossbrowser" name="bookTicket" time="0.420"/>
  <system-out/>
</testsuite> <!-- RegressionTest.crossbrowser -->
