<?xml version="1.0" encoding="UTF-8"?>
<!-- Generated by org.testng.reporters.JUnitReportReporter -->
<testsuite hostname="DESKTOP-6J67IDM" failures="0" tests="2" name="com.org.learningMaven.myMavenProject.NewTest2" time="9.938" errors="0" timestamp="2020-07-09T11:29:51 EDT" skipped="0">
  <testcase classname="com.org.learningMaven.myMavenProject.NewTest2" name="login" time="9.506"/>
  <system-out/>
  <testcase classname="com.org.learningMaven.myMavenProject.NewTest2" name="bookTicket" time="0.432"/>
  <system-out/>
</testsuite> <!-- com.org.learningMaven.myMavenProject.NewTest2 -->
