<?xml version="1.0" encoding="UTF-8"?>
<!-- Generated by org.testng.reporters.JUnitReportReporter -->
<testsuite hostname="DESKTOP-6J67IDM" failures="0" tests="2" name="day29.pack.MyTest2" time="0.004" errors="0" timestamp="2021-03-10T17:52:51 EST" skipped="0">
  <testcase classname="day29.pack.MyTest2" name="test3" time="0.002"/>
  <system-out/>
  <testcase classname="day29.pack.MyTest2" name="test4" time="0.002"/>
  <system-out/>
</testsuite> <!-- day29.pack.MyTest2 -->
