<?xml version="1.0" encoding="UTF-8"?>
<!-- Generated by org.testng.reporters.JUnitReportReporter -->
<testsuite hostname="DESKTOP-6J67IDM" failures="0" tests="3" name="day29.Annotations1" time="0.018" errors="0" timestamp="2021-03-10T17:28:03 EST" skipped="0">
  <testcase classname="day29.Annotations1" name="search" time="0.007"/>
  <system-out/>
  <testcase classname="day29.Annotations1" name="advancedsearch" time="0.008"/>
  <system-out/>
  <testcase classname="day29.Annotations1" name="recharge" time="0.003"/>
  <system-out/>
</testsuite> <!-- day29.Annotations1 -->
