<?xml version="1.0" encoding="UTF-8"?>
<!-- Generated by org.testng.reporters.JUnitReportReporter -->
<testsuite hostname="DESKTOP-6J67IDM" failures="0" tests="6" name="day32_paralleltesting.ParamTest" time="1.367" errors="0" timestamp="2021-03-15T22:00:57 EDT" skipped="0">
  <testcase classname="day32_paralleltesting.ParamTest" name="testLogo" time="0.259"/>
  <system-out/>
  <testcase classname="day32_paralleltesting.ParamTest" name="testLogo" time="0.062"/>
  <system-out/>
  <testcase classname="day32_paralleltesting.ParamTest" name="testLogo" time="0.578"/>
  <system-out/>
  <testcase classname="day32_paralleltesting.ParamTest" name="testTitle" time="0.400"/>
  <system-out/>
  <testcase classname="day32_paralleltesting.ParamTest" name="testTitle" time="0.009"/>
  <system-out/>
  <testcase classname="day32_paralleltesting.ParamTest" name="testTitle" time="0.059"/>
  <system-out/>
</testsuite> <!-- day32_paralleltesting.ParamTest -->
