<?xml version="1.0" encoding="UTF-8"?>
<!-- Generated by org.testng.reporters.JUnitReportReporter -->
<testsuite hostname="DESKTOP-6J67IDM" failures="0" tests="1" name="day29.AllAnnotations" time="0.008" errors="0" timestamp="2021-03-10T18:06:40 EST" skipped="0">
  <testcase classname="day29.AllAnnotations" name="m" time="0.008"/>
  <system-out/>
</testsuite> <!-- day29.AllAnnotations -->
