<?xml version="1.0" encoding="UTF-8"?>
<!-- Generated by org.testng.reporters.JUnitReportReporter -->
<testsuite hostname="DESKTOP-6J67IDM" failures="0" tests="3" name="day34_PageObjectModel.OrangeHRMTestCase" time="1.394" errors="0" timestamp="2021-03-17T23:44:07 EDT" skipped="0">
  <testcase classname="day34_PageObjectModel.OrangeHRMTestCase" name="test_logo" time="0.102"/>
  <system-out/>
  <testcase classname="day34_PageObjectModel.OrangeHRMTestCase" name="test_noOfLinks" time="0.033"/>
  <system-out/>
  <testcase classname="day34_PageObjectModel.OrangeHRMTestCase" name="test_logIn" time="1.259"/>
  <system-out/>
</testsuite> <!-- day34_PageObjectModel.OrangeHRMTestCase -->
