<?xml version="1.0" encoding="UTF-8"?>
<!-- Generated by org.testng.reporters.JUnitReportReporter -->
<testsuite hostname="DESKTOP-6J67IDM" failures="0" tests="3" name="day29.Annotation2" time="0.007" errors="0" timestamp="2021-03-10T17:34:46 EST" skipped="0">
  <testcase classname="day29.Annotation2" name="search" time="0.005"/>
  <system-out/>
  <testcase classname="day29.Annotation2" name="advancedsearch" time="0.001"/>
  <system-out/>
  <testcase classname="day29.Annotation2" name="recharge" time="0.001"/>
  <system-out/>
</testsuite> <!-- day29.Annotation2 -->
