<?xml version="1.0" encoding="UTF-8"?>
<!-- Generated by org.testng.reporters.JUnitReportReporter -->
<testsuite hostname="DESKTOP-6J67IDM" failures="0" tests="6" name="day30.Grouping" time="0.025" errors="0" timestamp="2021-03-11T12:11:36 EST" skipped="0">
  <testcase classname="day30.Grouping" name="loginByEmail" time="0.011"/>
  <system-out/>
  <testcase classname="day30.Grouping" name="signupbyemail" time="0.002"/>
  <system-out/>
  <testcase classname="day30.Grouping" name="signupbyfacebook" time="0.002"/>
  <system-out/>
  <testcase classname="day30.Grouping" name="signupbytwitter" time="0.003"/>
  <system-out/>
  <testcase classname="day30.Grouping" name="paymentReturnbyBank" time="0.002"/>
  <system-out/>
  <testcase classname="day30.Grouping" name="paymentinrupees" time="0.005"/>
  <system-out/>
</testsuite> <!-- day30.Grouping -->
