<?xml version="1.0" encoding="UTF-8"?>
<!-- Generated by org.testng.reporters.JUnitReportReporter -->
<testsuite hostname="DESKTOP-6J67IDM" failures="0" tests="3" name="automationpackage.Challenge2" time="33.009" errors="0" timestamp="2021-03-09T21:34:04 EST" skipped="0">
  <testcase classname="automationpackage.Challenge2" name="launchapp" time="5.558"/>
  <system-out/>
  <testcase classname="automationpackage.Challenge2" name="login" time="2.595"/>
  <system-out/>
  <testcase classname="automationpackage.Challenge2" name="productpurchase" time="24.856"/>
  <system-out/>
</testsuite> <!-- automationpackage.Challenge2 -->
