<?xml version="1.0" encoding="UTF-8"?>
<!-- Generated by org.testng.reporters.JUnitReportReporter -->
<testsuite hostname="DESKTOP-6J67IDM" failures="0" tests="6" name="day32_paralleltesting.paralleltest" time="0.836" errors="0" timestamp="2021-03-15T19:11:20 EDT" skipped="0">
  <testcase classname="day32_paralleltesting.paralleltest" name="testlogo" time="0.074"/>
  <system-out/>
  <testcase classname="day32_paralleltesting.paralleltest" name="testlogo" time="0.266"/>
  <system-out/>
  <testcase classname="day32_paralleltesting.paralleltest" name="testlogo" time="0.399"/>
  <system-out/>
  <testcase classname="day32_paralleltesting.paralleltest" name="testTitle" time="0.032"/>
  <system-out/>
  <testcase classname="day32_paralleltesting.paralleltest" name="testTitle" time="0.056"/>
  <system-out/>
  <testcase classname="day32_paralleltesting.paralleltest" name="testTitle" time="0.009"/>
  <system-out/>
</testsuite> <!-- day32_paralleltesting.paralleltest -->
