<?xml version="1.0" encoding="UTF-8"?>
<!-- Generated by org.testng.reporters.JUnitReportReporter -->
<testsuite hostname="DESKTOP-6J67IDM" failures="0" tests="3" name="day34_PageObjectModel.OrangeHRMTestCase" time="1.914" errors="0" timestamp="2021-03-18T17:24:58 EDT" skipped="0">
  <testcase classname="day34_PageObjectModel.OrangeHRMTestCase" name="displayLogo" time="0.245"/>
  <system-out/>
  <testcase classname="day34_PageObjectModel.OrangeHRMTestCase" name="noOfHomepageLinks" time="0.073"/>
  <system-out/>
  <testcase classname="day34_PageObjectModel.OrangeHRMTestCase" name="logIn" time="1.596"/>
  <system-out/>
</testsuite> <!-- day34_PageObjectModel.OrangeHRMTestCase -->
