<?xml version="1.0" encoding="UTF-8"?>
<!-- Generated by org.testng.reporters.JUnitReportReporter -->
<testsuite skipped="0" hostname="BUSYQA4" name="com.org.learningMaven.myMavenProject.NewTest" tests="2" failures="0" timestamp="04 Apr 2020 14:35:41 GMT" time="12.163" errors="0">
  <testcase name="login" time="11.620" classname="com.org.learningMaven.myMavenProject.NewTest"/>
  <testcase name="bookTicket" time="0.543" classname="com.org.learningMaven.myMavenProject.NewTest"/>
</testsuite> <!-- com.org.learningMaven.myMavenProject.NewTest -->
