<?xml version="1.0" encoding="UTF-8"?>
<!-- Generated by org.testng.reporters.JUnitReportReporter -->
<testsuite skipped="0" hostname="BUSYQA4" name="com.org.learningMaven.myMavenProject.NewTest2" tests="1" failures="0" timestamp="04 Apr 2020 14:35:41 GMT" time="0.170" errors="0">
  <testcase name="enterLogin" time="0.170" classname="com.org.learningMaven.myMavenProject.NewTest2"/>
</testsuite> <!-- com.org.learningMaven.myMavenProject.NewTest2 -->
