<?xml version="1.0" encoding="UTF-8"?>
<!-- Generated by org.testng.reporters.JUnitReportReporter -->
<testsuite skipped="0" hostname="BUSYQA4" name="regression.NewTest3" tests="1" failures="0" timestamp="04 Apr 2020 14:35:41 GMT" time="0.154" errors="0">
  <testcase name="enterLogin" time="0.154" classname="regression.NewTest3"/>
</testsuite> <!-- regression.NewTest3 -->
