<?xml version="1.0" encoding="UTF-8"?>
<!-- Generated by org.testng.reporters.JUnitReportReporter -->
<testsuite hostname="DESKTOP-6J67IDM" failures="0" tests="2" name="MyFinalExam.TULI.EXAMPLE" time="7.651" errors="0" timestamp="2020-08-27T11:14:13 EDT" skipped="0">
  <testcase classname="MyFinalExam.TULI.EXAMPLE" name="create" time="3.099"/>
  <system-out/>
  <testcase classname="MyFinalExam.TULI.EXAMPLE" name="create" time="4.552"/>
  <system-out/>
</testsuite> <!-- MyFinalExam.TULI.EXAMPLE -->
